* Microsoft COBOL Version 4.5        L2.4 revision 002 30-Oct-13 21:29 Page   1
*                                        4.CBL
* Options: LIST(4.LST) ASMLIST(4.GRP)
     1 IDENTIFICATION DIVISION.
     2 PROGRAM-ID.    EXERCICIO4.
     3 AUTHOR.        EDEL CORADI.
     4 INSTALLATION.   PC-CASA.
     5 DATE-WRITTEN.  30/10/2013.
     6 DATE-COMPILED. 30-Oct-13 21:29.
     7 SECURITY.      APENAS O AUTOR PODE MODIFICAR.
     8*REMARKS.       SORT-USING-OUTPUT.
     9*               SELECIONA CADASTRO E FAZ SORTE USANDO UM PROCEDURE
    10
    11 ENVIRONMENT DIVISION.
    12 CONFIGURATION SECTION.
    13 SOURCE-COMPUTER. IBM-PC.
    14 OBJECT-COMPUTER. IBM-PC.
    15 SPECIAL-NAMES.   DECIMAL-POINT IS COMMA.
    16
    17 INPUT-OUTPUT SECTION.
    18 FILE-CONTROL.
    19 SELECT CAD-CLI   ASSIGN TO DISK ORGANIZATION IS LINE SEQUENTIAL.
    20 SELECT TRAB      ASSIGN TO DISK.
    21 SELECT REL-GERAL ASSIGN TO DISK.
    22
    23 DATA DIVISION.
    24 FILE SECTION.
    25 FD CAD-CLI
    26    LABEL RECORD ARE STANDARD VALUE OF FILE-ID IS "CAD-CLI.DAT".
    27
    28 01 CAD-ENT.
    29   02 CODIGO-ENT   PIC 9(03).
    30   02 CPF-ENT      PIC 9(11).
    31   02 NOME-ENT     PIC X(30).
    32   02 ESTADO-ENT   PIC X(02).
    33   02 CIDADE-ENT   PIC X(30).
    34   02 EMAIL-ENT    PIC X(30).
    35
    36 SD TRAB.
    37
    38 01 CAD-TRAB.
    39   02 CODIGO-TRAB  PIC 9(03).
    40   02 CPF-TRAB     PIC 9(11).
    41   02 NOME-TRAB     PIC X(30).
    42   02 ESTADO-TRAB  PIC X(02).
    43   02 CIDADE-TRAB  PIC X(30).
    44   02 EMAIL-TRAB   PIC X(30).
    45
    46 FD REL-GERAL
    47   LABEL RECORD ARE OMMITED.
    48
    49 01 REL-GRL        PIC X(80).
    50
    51 WORKING-STORAGE SECTION.
    52 77 FIM-ARQ        PIC 9(01) VALUE 0.
    53 77 CT-LIN         PIC 9(02) VALUE 21.
    54 77 CT-PAG         PIC 9(02) VALUE 0.
    55 77 ESTADO-ATUAL   PIC X(02).
    56 77 CIDADE-ATUAL   PIC X(30).
    57
* Microsoft COBOL Version 4.5        L2.4 revision 002 30-Oct-13 21:29 Page   2
*                                        4.CBL
    58 01 CAB-01.
    59   02 FILLER      PIC X(23) VALUE SPACES.
    60   02 FILLER      PIC X(37) VALUE
    61    "RELAÇÃO DE CLIENTES POR ESTADO/CIDADE".
    62   02 FILLER      PIC X(05) VALUE SPACES.
    63   02 FILLER      PIC X(05) VALUE "PAG. ".
    64   02 VAR-PAG     PIC ZZ9.
    65   02 FILLER      PIC X(07) VALUE SPACES.
    66
    67 01 CAB-02.
    68   02 FILLER      PIC X(08) VALUE "ESTADO: ".
    69   02 ESTADO-REL  PIC X(02).
    70   02 FILLER      PIC X(70) VALUE SPACES.
    71
    72 01 CAB-03.
    73   02 FILLER      PIC X(08) VALUE "CIDADE: ".
    74   02 CIDADE-REL  PIC X(30).
    75   02 FILLER      PIC X(42) VALUE SPACES.
    76
    77 01 CAB-04.
    78   02 FILLER      PIC X(03) VALUE "CPF".
    79   02 FILLER      PIC X(24) VALUE SPACES.
    80   02 FILLER      PIC X(04) VALUE "NOME".
    81   02 FILLER      PIC X(20) VALUE SPACES.
    82   02 FILLER      PIC X(06) VALUE "E-MAIL".
    83   02 FILLER      PIC X(23) VALUE SPACES.
    84
    85 01 DETALHE.
    86   02 CPF-REL     PIC X(14) VALUE "999.999.999-99".
    87   02 FILLER      PIC X(03) VALUE SPACES.
    88   02 NOME-REL    PIC X(30).
    89   02 FILLER      PIC X(03) VALUE SPACES.
    90   02 EMAIL-REL   PIC X(30).
    91
    92 PROCEDURE DIVISION.
    93 PGM-04.
    94
    95 SORT TRAB
    96          ASCENDING KEY ESTADO-TRAB
    97          ASCENDING KEY CIDADE-TRAB
    98          ASCENDING KEY CPF-TRAB
    99          USING CAD-CLI
   100          OUTPUT PROCEDURE GERA-RELATORIO
   101 STOP RUN.
   102
   103 GERA-RELATORIO SECTION.
   104        PERFORM INICIO.
   105        PERFORM PRINCIPAL UNTIL FIM-ARQ EQUAL 1.
   106        PERFORM FIM.
   107
   108 INICIO SECTION.
   109        OPEN INPUT CAD-CLI OUTPUT REL-GERAL.
   110        PERFORM VERIFICA-FIM.
   111
   112 VERIFICA-FIM SECTION.
   113        RETURN TRAB AT END MOVE 1 TO FIM-ARQ.
   114
   115 PRINCIPAL SECTION.
* Microsoft COBOL Version 4.5        L2.4 revision 002 30-Oct-13 21:29 Page   3
*                                        4.CBL
   116        IF ESTADO-ATUAL NOT EQUAL ESTADO-TRAB
   117           MOVE ESTADO-TRAB  TO ESTADO-ATUAL
   118           MOVE ESTADO-ATUAL TO ESTADO-REL
   119           PERFORM CABECALHO-ESTADO
   120        END-IF
   121
   122        IF CIDADE-ATUAL NOT EQUAL CIDADE-TRAB
   123           MOVE CIDADE-TRAB TO CIDADE-ATUAL
   124           MOVE CIDADE-ATUAL TO CIDADE-REL
   125           PERFORM CABECALHO-CIDADE
   126        END-IF
   127
   128        PERFORM IMPRESSAO.
   129        IF CT-LIN GREATER THAN 20 PERFORM CABECALHO-CIDADE.
   130        PERFORM VERIFICA-FIM.
   131
   132 CABECALHO-ESTADO SECTION.
   133        ADD 1 TO CT-PAG.
   134        MOVE CT-PAG TO VAR-PAG.
   135        MOVE SPACES TO REL-GRL.
   136        WRITE REL-GRL AFTER ADVANCING PAGE.
   137        WRITE REL-GRL FROM CAB-01 AFTER ADVANCING 1 LINE.
   138        WRITE REL-GRL FROM CAB-02 AFTER ADVANCING 2 LINES.
   139
   140 CABECALHO-CIDADE SECTION.
   141        WRITE REL-GRL FROM CAB-03 AFTER ADVANCING 2 LINES.
   142        WRITE REL-GRL FROM CAB-04 AFTER ADVANCING 2 LINES.
   143
   144        MOVE 0 TO CT-LIN.
   145
   146 IMPRESSAO SECTION.
   147        MOVE CPF-TRAB   TO CPF-REL.
   148        MOVE NOME-TRAB  TO NOME-REL.
   149        MOVE EMAIL-TRAB TO EMAIL-REL.
   150        WRITE REL-GRL FROM DETALHE AFTER ADVANCING 1 LINE.
   151        ADD 1 TO CT-LIN.
   152
   153 FIM SECTION.
   154        CLOSE CAD-CLI REL-GERAL.
   155
* Microsoft COBOL Version 4.5        L2.4 revision 002
* (C)Copyright Microsoft Corp 1984, 1991       URN AXUPA/MS0/000000
*                                              REF GNB-024050002A7
*
* Total Messages:     0
* Data:        1916     Code:         853     Dictionary:        2440
