* Microsoft COBOL Version 4.5        L2.4 revision 002 28-Aug-13 21:02 Page   1
*                                       EX05.CBL
* Options: LIST(EX05.LST) ASMLIST(EX05.GRP)
     1 IDENTIFICATION DIVISION.
     2
     3 PROGRAM-ID. EX05.
     4 AUTHOR. LEANDRO FERNANDES & EDEL CORADI.
     5 INSTALLATION. FATEC-SP.
     6 DATE-WRITTEN. 11/08/2013.
     7 DATE-COMPILED. 28-Aug-13 21:02.
     8 SECURITY.
     9
    10 ENVIRONMENT DIVISION.
    11
    12 CONFIGURATION SECTION.
    13 SOURCE-COMPUTER. IBM-PC.
    14 OBJECT-COMPUTER. IBM-PC.
    15 SPECIAL-NAMES. DECIMAL-POINT IS COMMA.
    16
    17 INPUT-OUTPUT SECTION.
    18 FILE-CONTROL.
    19 SELECT CADALU ASSIGN TO DISK ORGANIZATION IS LINE SEQUENTIAL.
    20 SELECT CADAPR ASSIGN TO DISK ORGANIZATION IS LINE SEQUENTIAL.
    21
    22 DATA DIVISION.
    23
    24 FILE SECTION.
    25 FD CADALU
    26    LABEL         RECORD         ARE         STANDARD
    27    VALUE       OF FILE-ID       IS        "CADALU.DAT".
    28
    29 01 REG-ENT.
    30        02 NUMERO PIC 9(5).
    31        02 NOME  PIC X(20).
    32        02 NOTA1 PIC 9(2)V99.
    33        02 NOTA2 PIC 9(2)V99.
    34        02 FALTAS PIC 9(2).
    35
    36 FD CADAPR
    37    LABEL         RECORD         ARE         STANDARD
    38    VALUE       OF FILE-ID       IS        "CADAPR.DAT".
    39
    40 01 REG-SAI.
    41        02 NUMERO-SAI PIC 9(5).
    42        02 NOME-SAI  PIC X(20).
    43        02 MEDIA-SAI PIC 9(2)V99.
    44
    45 WORKING-STORAGE SECTION.
    46 77 MEDIA  PIC 9(2)V99.
    47 77 FIM-ARQ  PIC 9(1) VALUE 0.
    48
    49 PROCEDURE DIVISION.
    50
    51 PROGRAMA05.
    52
    53 PERFORM INICIO.
    54 PERFORM PRINCIPAL UNTIL FIM-ARQ EQUAL 1.
    55 PERFORM TERMINO.
    56
    57 STOP RUN.
* Microsoft COBOL Version 4.5        L2.4 revision 002 28-Aug-13 21:02 Page   2
*                                       EX05.CBL
    58
    59 INICIO.
    60        OPEN INPUT CADALU OUTPUT CADAPR.
    61        PERFORM VERIFICA-FIM.
    62 COPIA.
    63        MOVE NUMERO TO NUMERO-SAI.
    64        MOVE NOME   TO NOME-SAI.
    65        MOVE MEDIA  TO MEDIA-SAI.
    66        WRITE REG-SAI.
    67 SELECAO.
    68        PERFORM CALCULA-MEDIA.
    69        IF MEDIA NOT LESS THAN 7 AND FALTAS NOT GREATER THAN 18
    70               PERFORM COPIA.
    71 TERMINO.
    72        CLOSE CADALU CADAPR.
    73 VERIFICA-FIM.
    74        READ CADALU AT END MOVE 1 TO FIM-ARQ.
    75 CALCULA-MEDIA.
    76        MOVE 0 TO MEDIA.
    77        ADD NOTA1 NOTA2 TO MEDIA.
    78        DIVIDE 2 INTO MEDIA.
    79 PRINCIPAL.
    80        PERFORM SELECAO.
    81        PERFORM VERIFICA-FIM.
* Microsoft COBOL Version 4.5        L2.4 revision 002
* (C)Copyright Microsoft Corp 1984, 1991       URN AXUPA/MS0/000000
*                                              REF GNB-024050002A7
*
* Total Messages:     0
* Data:        1040     Code:         376     Dictionary:        1244
