* Microsoft COBOL Version 4.5        L2.4 revision 002 28-Oct-13 21:29 Page   1
*                                       EX07.CBL
* Options: LIST(EX07.LST) ASMLIST(EX07.GRP)
     1 IDENTIFICATION DIVISION.
     2
     3 PROGRAM-ID.   EX07.
     4 AUTHOR.       LEANDRO & EDEL.
     5 INSTALLATION. FATEC-SP.
     6 DATE-WRITTEN. 19/10/13.
     7 DATE-COMPILED. 28-Oct-13 21:29.
     8 SECURITY.
     9
    10 ENVIRONMENT DIVISION.
    11
    12 CONFIGURATION SECTION.
    13 SOURCE-COMPUTER. IBM-PC.
    14 OBJECT-COMPUTER. IBM-PC.
    15 SPECIAL-NAMES.   DECIMAL-POINT IS COMMA.
    16
    17 INPUT-OUTPUT SECTION.
    18 FILE-CONTROL.
    19 SELECT CADALU ASSIGN TO DISK ORGANIZATION IS LINE SEQUENTIAL.
    20 SELECT RELADU ASSIGN TO DISK.
    21 SELECT TRAB   ASSIGN TO DISK.
    22
    23 DATA DIVISION.
    24
    25 FILE SECTION.
    26 FD CADALU
    27  LABEL RECORD ARE STANDARD VALUE OF FILE-ID IS "CADALU.DAT".
    28
    29 01 REG-ENT.
    30    02 TURMA-ENT  PIC 9(03).
    31    02 CODIGO-ENT PIC 9(07).
    32    02 NOME-ENT   PIC X(30).
    33    02 NOTAS-ENT  PIC 9(02)V9(02) OCCURS 4 TIMES.
    34
    35 FD RELADU
    36  LABEL RECORD IS OMITTED.
    37
    38 01 REG-ATR  PIC X(80).
    39
    40 SD TRAB.
    41
    42 01 REG-TRAB.
    43    02 TURMA-TRAB  PIC 9(03).
    44    02 CODIGO-TRAB PIC 9(07).
    45    02 NOME-TRAB   PIC X(30).
    46    02 NOTAS-TRAB  PIC 9(02)V9(02) OCCURS 4 TIMES.
    47
    48 WORKING-STORAGE SECTION.
    49
    50 77 FIM-ARQ          PIC 9(01) VALUE 0.
    51 77 TOTAL-APROVADOS  PIC 9(03).
    52 77 TOTAL-REPROVADOS PIC 9(03).
    53 77 SOMATORIA-MEDIA  PIC 9(02)V9(02).
    54 77 MEDIA            PIC 9(02)V9(02).
    55 77 CT-PAG           PIC 9(03) VALUE 0.
    56 77 CT-LIN           PIC 9(02) VALUE 41.
    57 77 INDICE           PIC 9(01).
* Microsoft COBOL Version 4.5        L2.4 revision 002 28-Oct-13 21:29 Page   2
*                                       EX07.CBL
    58 77 TURMA-ATUAL      PIC 9(03).
    59
    60 01 CAB-01.
    61    02 FILLER    PIC X(18) VALUE SPACES.
    62    02 FILLER    PIC X(17) VALUE "RELAÇÃO DE ALUNOS".
    63    02 FILLER    PIC X(19) VALUE SPACES.
    64    02 FILLER    PIC X(05) VALUE "PAG. ".
    65    02 VAR-PAG   PIC ZZ9.
    66    02 FILLER    PIC X(18) VALUE SPACES.
    67
    68 01 CAB-02.
    69    02 FILLER    PIC X(11) VALUE SPACES.
    70    02 FILLER    PIC X(07) VALUE "TURMA: ".
    71    02 NUM-TURMA PIC 9(03).
    72    02 FILLER    PIC X(59) VALUE SPACES.
    73
    74 01 CAB-03.
    75    02 FILLER    PIC X(07) VALUE SPACES.
    76    02 FILLER    PIC X(06) VALUE "CODIGO".
    77    02 FILLER    PIC X(25) VALUE SPACES.
    78    02 FILLER    PIC X(04) VALUE "NOME".
    79    02 FILLER    PIC X(19) VALUE SPACES.
    80    02 FILLER    PIC X(05) VALUE "MEDIA".
    81    02 FILLER    PIC X(14) VALUE SPACES.
    82
    83 01 DETALHE.
    84    02 FILLER     PIC X(06) VALUE SPACES.
    85    02 CODIGO-REL PIC X(10) VALUE "999.999-9".
    86    02 FILLER     PIC X(08) VALUE SPACES.
    87    02 NOME-REL   PIC X(30).
    88    02 FILLER     PIC X(07) VALUE SPACES.
    89    02 MEDIA-REL  PIC 99,99.
    90    02 FILLER     PIC X(14) VALUE SPACES.
    91
    92 01 CAB-TOTAL-1.
    93    02 FILLER       PIC X(38) VALUE SPACES.
    94    02 FILLER       PIC X(25) VALUE "TOTAL DE ALUNOS APROVADOS".
    95    02 FILLER       PIC X(03) VALUE SPACES.
    96    02 TOTAL-APROV  PIC 99,99.
    97    02 FILLER       PIC X(09) VALUE SPACES.
    98
    99 01 CAB-TOTAL-2.
   100    02 FILLER       PIC X(38) VALUE SPACES.
   101    02 FILLER       PIC X(26) VALUE "TOTAL DE ALUNOS REPROVADOS".
   102    02 FILLER       PIC X(02) VALUE SPACES.
   103    02 TOTAL-REPROV PIC 99,99.
   104    02 FILLER       PIC X(09) VALUE SPACES.
   105
   106 01 CAB-TOTAL-3.
   107    02 FILLER       PIC X(38) VALUE SPACES.
   108    02 FILLER       PIC X(11) VALUE "MEDIA GERAL".
   109    02 FILLER       PIC X(17) VALUE SPACES.
   110    02 MEDIA-GERAL  PIC 99,99.
   111    02 FILLER       PIC X(09) VALUE SPACES.
   112
   113 PROCEDURE DIVISION.
   114
   115 PROGRAM07.
* Microsoft COBOL Version 4.5        L2.4 revision 002 28-Oct-13 21:29 Page   3
*                                       EX07.CBL
   116
   117 SORT TRAB
   118      ASCENDING KEY TURMA-TRAB
   119      ASCENDING KEY CODIGO-TRAB
   120      USING CADALU
   121      OUTPUT PROCEDURE GERA-REL.
   122
   123 STOP RUN.
   124
   125 INICIO.
   126        OPEN INPUT CADALU OUTPUT RELADU.
   127        PERFORM VERIFICA-FIM.
   128
   129 VERIFICA-FIM.
   130        RETURN TRAB AT END MOVE 1 TO FIM-ARQ.
   131
   132 PRINCIPAL.
   133        IF TURMA-ATUAL NOT EQUAL TURMA-TRAB
   134           IF CT-PAG NOT EQUAL 0
   135              PERFORM CABECARIO-TOTAL
   136           END-IF
   137           MOVE TURMA-TRAB TO TURMA-ATUAL
   138           MOVE 0 TO SOMATORIA-MEDIA
   139           MOVE 0 TO TOTAL-APROVADOS TOTAL-REPROVADOS
   140           PERFORM AVANCA-PAGINA
   141           PERFORM CABECALHO-TURMA
   142        END-IF
   143        PERFORM IMPRESSAO.
   144        PERFORM VERIFICA-FIM.
   145
   146 IMPRESSAO.
   147        MOVE 0 TO MEDIA.
   148        MOVE 1 TO INDICE.
   149        PERFORM CALCULA-MEDIA 04 TIMES.
   150        DIVIDE 4 INTO MEDIA.
   151        IF MEDIA NOT LESS THAN 7
   152               ADD 1 TO TOTAL-APROVADOS
   153        ELSE
   154               ADD 1 TO TOTAL-REPROVADOS
   155        END-IF
   156        ADD MEDIA TO SOMATORIA-MEDIA.
   157        IF CT-LIN GREATER THAN 40
   158               PERFORM AVANCA-PAGINA
   159        END-IF
   160        PERFORM IMPDET.
   161
   162 CALCULA-MEDIA.
   163        ADD NOTAS-TRAB(INDICE) TO MEDIA.
   164        ADD 1 TO INDICE.
   165
   166 FIM.
   167        CLOSE CADALU RELADU.
   168
   169 IMPDET.
   170        MOVE CODIGO-TRAB(1:3) TO CODIGO-REL(1:3).
   171        MOVE CODIGO-TRAB(4:3) TO CODIGO-REL(5:3).
   172        MOVE CODIGO-TRAB(7:1) TO CODIGO-REL(9:1).
   173        MOVE NOME-TRAB TO NOME-REL.
* Microsoft COBOL Version 4.5        L2.4 revision 002 28-Oct-13 21:29 Page   4
*                                       EX07.CBL
   174        MOVE MEDIA TO MEDIA-REL.
   175        WRITE REG-ATR FROM DETALHE AFTER ADVANCING 1 LINE.
   176        ADD 1 TO CT-LIN.
   177
   178 CABECALHO-TURMA.
   179        MOVE CT-PAG TO VAR-PAG.
   180        WRITE REG-ATR FROM CAB-01 AFTER ADVANCING 1 LINE.
   181        MOVE TURMA-TRAB TO NUM-TURMA.
   182        WRITE REG-ATR FROM CAB-02 AFTER ADVANCING 2 LINES.
   183        WRITE REG-ATR FROM CAB-03 AFTER ADVANCING 2 LINES.
   184        MOVE SPACES TO REG-ATR.
   185        WRITE REG-ATR AFTER ADVANCING 1 LINE.
   186        MOVE 0 TO CT-LIN.
   187
   188 CABECARIO-TOTAL.
   189        MOVE TOTAL-APROVADOS  TO TOTAL-APROV.
   190        MOVE TOTAL-REPROVADOS TO TOTAL-REPROV.
   191        WRITE REG-ATR FROM CAB-TOTAL-1 AFTER ADVANCING 2 LINES.
   192        WRITE REG-ATR FROM CAB-TOTAL-2 AFTER ADVANCING 1 LINE.
   193        ADD TOTAL-APROVADOS TO TOTAL-REPROVADOS.
   194        DIVIDE TOTAL-REPROVADOS INTO SOMATORIA-MEDIA.
   195        MOVE SOMATORIA-MEDIA TO MEDIA-GERAL.
   196        WRITE REG-ATR FROM CAB-TOTAL-3 AFTER ADVANCING 1 LINE.
   197
   198 AVANCA-PAGINA.
   199        ADD  1 TO CT-PAG.
   200        MOVE 0 TO CT-LIN.
   201        MOVE SPACES TO REG-ATR.
   202        WRITE REG-ATR AFTER ADVANCING PAGE.
   203
   204 GERA-REL SECTION.
   205        PERFORM INICIO.
   206        PERFORM PRINCIPAL UNTIL FIM-ARQ EQUAL 1.
   207        PERFORM CABECARIO-TOTAL.
   208        PERFORM FIM.
* Microsoft COBOL Version 4.5        L2.4 revision 002
* (C)Copyright Microsoft Corp 1984, 1991       URN AXUPA/MS0/000000
*                                              REF GNB-024050002A7
*
* Total Messages:     0
* Data:        1980     Code:        1108     Dictionary:        2879
